<html>
<head>
<title>TestNG:  Surefire test</title>
<link href="../testng.css" rel="stylesheet" type="text/css" />
<link href="../my-testng.css" rel="stylesheet" type="text/css" />

<style type="text/css">
.log { display: none;} 
.stack-trace { display: none;} 
</style>
<script type="text/javascript">
<!--
function flip(e) {
  current = e.style.display;
  if (current == 'block') {
    e.style.display = 'none';
    return 0;
  }
  else {
    e.style.display = 'block';
    return 1;
  }
}

function toggleBox(szDivId, elem, msg1, msg2)
{
  var res = -1;  if (document.getElementById) {
    res = flip(document.getElementById(szDivId));
  }
  else if (document.all) {
    // this is the way old msie versions work
    res = flip(document.all[szDivId]);
  }
  if(elem) {
    if(res == 0) elem.innerHTML = msg1; else elem.innerHTML = msg2;
  }

}

function toggleAllBoxes() {
  if (document.getElementsByTagName) {
    d = document.getElementsByTagName('div');
    for (i = 0; i < d.length; i++) {
      if (d[i].className == 'log') {
        flip(d[i]);
      }
    }
  }
}

// -->
</script>

</head>
<body>
<h2 align='center'>Surefire test</h2><table border='1' align="center">
<tr>
<td>Tests passed/Failed/Skipped:</td><td>9/3/0</td>
</tr><tr>
<td>Started on:</td><td>Sat Dec 21 19:43:20 IST 2024</td>
</tr>
<tr><td>Total time:</td><td>0 seconds (310 ms)</td>
</tr><tr>
<td>Included groups:</td><td></td>
</tr><tr>
<td>Excluded groups:</td><td></td>
</tr>
</table><p/>
<small><i>(Hover the method name to see the test class name)</i></small><p/>
<table width='100%' border='1' class='invocation-failed'>
<tr><td colspan='4' align='center'><b>FAILED TESTS</b></td></tr>
<tr><td><b>Test method</b></td>
<td><b>Attribute(s)</b></td>
<td width="30%"><b>Exception</b></td>
<td width="10%"><b>Time (seconds)</b></td>
<td><b>Instance</b></td>
</tr>
<tr>
<td title='com.dto.test.TelephoneDialPadTest.testRetrieveCombinations()'><b>testRetrieveCombinations</b><br>Test class: com.dto.test.TelephoneDialPadTest<br>Test method: Validate combinations from JSON<br>Parameters: 345, [DGL, DGM, DGN, DHL, DHM, DHN, DIL, DIM, DIN, EGL, EGM, EGN, EHL, EHM, EHN, EIL, EIM, EIN, FGL, FGM, FGN, FHL, FHM, FHN, FIL, FIM, FIN]</td>
<td><div><pre>java.lang.AssertionError: Mismatch for input: 345 actual =[DGJ, DGK, DGL, DHJ, DHK, DHL, DIJ, DIK, DIL, EGJ, EGK, EGL, EHJ, EHK, EHL, EIJ, EIK, EIL, FGJ, FGK, FGL, FHJ, FHK, FHL, FIJ, FIK, FIL]expected from json = [DGL, DGM, DGN, DHL, DHM, DHN, DIL, DIM, DIN, EGL, EGM, EGN, EHL, EHM, EHN, EIL, EIM, EIN, FGL, FGM, FGN, FHL, FHM, FHN, FIL, FIM, FIN]: Lists differ at element [0]: DGL != DGJ expected [DGL] but found [DGJ]
	at com.dto.test.TelephoneDialPadTest.testRetrieveCombinations(TelephoneDialPadTest.java:41)
	at java.base/java.util.ArrayList.forEach(ArrayList.java:1511)
... Removed 36 stack frames</pre></div><a href='#' onClick='toggleBox("stack-trace363023858", this, "Click to show all stack frames", "Click to hide stack frames")'>Click to show all stack frames</a>
<div class='stack-trace' id='stack-trace363023858'><pre>java.lang.AssertionError: Mismatch for input: 345 actual =[DGJ, DGK, DGL, DHJ, DHK, DHL, DIJ, DIK, DIL, EGJ, EGK, EGL, EHJ, EHK, EHL, EIJ, EIK, EIL, FGJ, FGK, FGL, FHJ, FHK, FHL, FIJ, FIK, FIL]expected from json = [DGL, DGM, DGN, DHL, DHM, DHN, DIL, DIM, DIN, EGL, EGM, EGN, EHL, EHM, EHN, EIL, EIM, EIN, FGL, FGM, FGN, FHL, FHM, FHN, FIL, FIM, FIN]: Lists differ at element [0]: DGL != DGJ expected [DGL] but found [DGJ]
	at org.testng.Assert.fail(Assert.java:111)
	at org.testng.Assert.failNotEquals(Assert.java:1578)
	at org.testng.Assert.assertEqualsImpl(Assert.java:150)
	at org.testng.Assert.assertEquals(Assert.java:1644)
	at com.dto.test.TelephoneDialPadTest.testRetrieveCombinations(TelephoneDialPadTest.java:41)
	at java.base/jdk.internal.reflect.NativeMethodAccessorImpl.invoke0(Native Method)
	at java.base/jdk.internal.reflect.NativeMethodAccessorImpl.invoke(NativeMethodAccessorImpl.java:77)
	at java.base/jdk.internal.reflect.DelegatingMethodAccessorImpl.invoke(DelegatingMethodAccessorImpl.java:43)
	at java.base/java.lang.reflect.Method.invoke(Method.java:568)
	at org.testng.internal.invokers.MethodInvocationHelper.invokeMethod(MethodInvocationHelper.java:141)
	at org.testng.internal.invokers.TestInvoker.invokeMethod(TestInvoker.java:686)
	at org.testng.internal.invokers.TestInvoker.invokeTestMethod(TestInvoker.java:230)
	at org.testng.internal.invokers.MethodRunner.runInSequence(MethodRunner.java:63)
	at org.testng.internal.invokers.TestInvoker$MethodInvocationAgent.invoke(TestInvoker.java:992)
	at org.testng.internal.invokers.TestInvoker.invokeTestMethods(TestInvoker.java:203)
	at org.testng.internal.invokers.TestMethodWorker.invokeTestMethods(TestMethodWorker.java:154)
	at org.testng.internal.invokers.TestMethodWorker.run(TestMethodWorker.java:134)
	at java.base/java.util.ArrayList.forEach(ArrayList.java:1511)
	at org.testng.TestRunner.privateRun(TestRunner.java:739)
	at org.testng.TestRunner.run(TestRunner.java:614)
	at org.testng.SuiteRunner.runTest(SuiteRunner.java:421)
	at org.testng.SuiteRunner.runSequentially(SuiteRunner.java:413)
	at org.testng.SuiteRunner.privateRun(SuiteRunner.java:373)
	at org.testng.SuiteRunner.run(SuiteRunner.java:312)
	at org.testng.SuiteRunnerWorker.runSuite(SuiteRunnerWorker.java:52)
	at org.testng.SuiteRunnerWorker.run(SuiteRunnerWorker.java:95)
	at org.testng.TestNG.runSuitesSequentially(TestNG.java:1274)
	at org.testng.TestNG.runSuitesLocally(TestNG.java:1208)
	at org.testng.TestNG.runSuites(TestNG.java:1112)
	at org.testng.TestNG.run(TestNG.java:1079)
	at org.apache.maven.surefire.testng.TestNGExecutor.run(TestNGExecutor.java:155)
	at org.apache.maven.surefire.testng.TestNGDirectoryTestSuite.executeSingleClass(TestNGDirectoryTestSuite.java:102)
	at org.apache.maven.surefire.testng.TestNGDirectoryTestSuite.execute(TestNGDirectoryTestSuite.java:91)
	at org.apache.maven.surefire.testng.TestNGProvider.invoke(TestNGProvider.java:137)
	at org.apache.maven.surefire.booter.ForkedBooter.runSuitesInProcess(ForkedBooter.java:385)
	at org.apache.maven.surefire.booter.ForkedBooter.execute(ForkedBooter.java:162)
	at org.apache.maven.surefire.booter.ForkedBooter.run(ForkedBooter.java:507)
	at org.apache.maven.surefire.booter.ForkedBooter.main(ForkedBooter.java:495)
</pre></div></td>
<td>0</td>
<td>com.dto.test.TelephoneDialPadTest@5db45159</td></tr>
<tr>
<td title='com.dto.test.TelephoneDialPadTest.testRetrieveCombinations()'><b>testRetrieveCombinations</b><br>Test class: com.dto.test.TelephoneDialPadTest<br>Test method: Validate combinations from JSON<br>Parameters: 567, [JMJ, JMK, JML, JNK, JNL, JNM, JOK, JOL, JOM, KMJ, KMK, KML, KNK, KNL, KNM, KOK, KOL, KOM, LMJ, LMK, LML, LNK, LNL, LNM, LOK, LOL, LOM]</td>
<td><div><pre>java.lang.AssertionError: Mismatch for input: 567 actual =[JMP, JMQ, JMR, JMS, JNP, JNQ, JNR, JNS, JOP, JOQ, JOR, JOS, KMP, KMQ, KMR, KMS, KNP, KNQ, KNR, KNS, KOP, KOQ, KOR, KOS, LMP, LMQ, LMR, LMS, LNP, LNQ, LNR, LNS, LOP, LOQ, LOR, LOS]expected from json = [JMJ, JMK, JML, JNK, JNL, JNM, JOK, JOL, JOM, KMJ, KMK, KML, KNK, KNL, KNM, KOK, KOL, KOM, LMJ, LMK, LML, LNK, LNL, LNM, LOK, LOL, LOM]: lists don&apos;t have the same size expected [27] but found [36]
	at com.dto.test.TelephoneDialPadTest.testRetrieveCombinations(TelephoneDialPadTest.java:41)
	at java.base/java.util.ArrayList.forEach(ArrayList.java:1511)
... Removed 39 stack frames</pre></div><a href='#' onClick='toggleBox("stack-trace1107412069", this, "Click to show all stack frames", "Click to hide stack frames")'>Click to show all stack frames</a>
<div class='stack-trace' id='stack-trace1107412069'><pre>java.lang.AssertionError: Mismatch for input: 567 actual =[JMP, JMQ, JMR, JMS, JNP, JNQ, JNR, JNS, JOP, JOQ, JOR, JOS, KMP, KMQ, KMR, KMS, KNP, KNQ, KNR, KNS, KOP, KOQ, KOR, KOS, LMP, LMQ, LMR, LMS, LNP, LNQ, LNR, LNS, LOP, LOQ, LOR, LOS]expected from json = [JMJ, JMK, JML, JNK, JNL, JNM, JOK, JOL, JOM, KMJ, KMK, KML, KNK, KNL, KNM, KOK, KOL, KOM, LMJ, LMK, LML, LNK, LNL, LNM, LOK, LOL, LOM]: lists don&apos;t have the same size expected [27] but found [36]
	at org.testng.Assert.fail(Assert.java:111)
	at org.testng.Assert.failNotEquals(Assert.java:1578)
	at org.testng.Assert.assertEqualsImpl(Assert.java:150)
	at org.testng.Assert.assertEquals(Assert.java:132)
	at org.testng.Assert.assertEquals(Assert.java:1419)
	at org.testng.Assert.assertEquals(Assert.java:1383)
	at org.testng.Assert.assertEquals(Assert.java:1630)
	at com.dto.test.TelephoneDialPadTest.testRetrieveCombinations(TelephoneDialPadTest.java:41)
	at java.base/jdk.internal.reflect.NativeMethodAccessorImpl.invoke0(Native Method)
	at java.base/jdk.internal.reflect.NativeMethodAccessorImpl.invoke(NativeMethodAccessorImpl.java:77)
	at java.base/jdk.internal.reflect.DelegatingMethodAccessorImpl.invoke(DelegatingMethodAccessorImpl.java:43)
	at java.base/java.lang.reflect.Method.invoke(Method.java:568)
	at org.testng.internal.invokers.MethodInvocationHelper.invokeMethod(MethodInvocationHelper.java:141)
	at org.testng.internal.invokers.TestInvoker.invokeMethod(TestInvoker.java:686)
	at org.testng.internal.invokers.TestInvoker.invokeTestMethod(TestInvoker.java:230)
	at org.testng.internal.invokers.MethodRunner.runInSequence(MethodRunner.java:63)
	at org.testng.internal.invokers.TestInvoker$MethodInvocationAgent.invoke(TestInvoker.java:992)
	at org.testng.internal.invokers.TestInvoker.invokeTestMethods(TestInvoker.java:203)
	at org.testng.internal.invokers.TestMethodWorker.invokeTestMethods(TestMethodWorker.java:154)
	at org.testng.internal.invokers.TestMethodWorker.run(TestMethodWorker.java:134)
	at java.base/java.util.ArrayList.forEach(ArrayList.java:1511)
	at org.testng.TestRunner.privateRun(TestRunner.java:739)
	at org.testng.TestRunner.run(TestRunner.java:614)
	at org.testng.SuiteRunner.runTest(SuiteRunner.java:421)
	at org.testng.SuiteRunner.runSequentially(SuiteRunner.java:413)
	at org.testng.SuiteRunner.privateRun(SuiteRunner.java:373)
	at org.testng.SuiteRunner.run(SuiteRunner.java:312)
	at org.testng.SuiteRunnerWorker.runSuite(SuiteRunnerWorker.java:52)
	at org.testng.SuiteRunnerWorker.run(SuiteRunnerWorker.java:95)
	at org.testng.TestNG.runSuitesSequentially(TestNG.java:1274)
	at org.testng.TestNG.runSuitesLocally(TestNG.java:1208)
	at org.testng.TestNG.runSuites(TestNG.java:1112)
	at org.testng.TestNG.run(TestNG.java:1079)
	at org.apache.maven.surefire.testng.TestNGExecutor.run(TestNGExecutor.java:155)
	at org.apache.maven.surefire.testng.TestNGDirectoryTestSuite.executeSingleClass(TestNGDirectoryTestSuite.java:102)
	at org.apache.maven.surefire.testng.TestNGDirectoryTestSuite.execute(TestNGDirectoryTestSuite.java:91)
	at org.apache.maven.surefire.testng.TestNGProvider.invoke(TestNGProvider.java:137)
	at org.apache.maven.surefire.booter.ForkedBooter.runSuitesInProcess(ForkedBooter.java:385)
	at org.apache.maven.surefire.booter.ForkedBooter.execute(ForkedBooter.java:162)
	at org.apache.maven.surefire.booter.ForkedBooter.run(ForkedBooter.java:507)
	at org.apache.maven.surefire.booter.ForkedBooter.main(ForkedBooter.java:495)
</pre></div></td>
<td>0</td>
<td>com.dto.test.TelephoneDialPadTest@5db45159</td></tr>
<tr>
<td title='com.dto.test.TelephoneDialPadTest.testRetrieveCombinations()'><b>testRetrieveCombinations</b><br>Test class: com.dto.test.TelephoneDialPadTest<br>Test method: Validate combinations from JSON<br>Parameters: , []</td>
<td><div><pre>java.lang.AssertionError: Mismatch for input:  actual =[Invalid Input]expected from json = []: lists don&apos;t have the same size expected [0] but found [1]
	at com.dto.test.TelephoneDialPadTest.testRetrieveCombinations(TelephoneDialPadTest.java:41)
	at java.base/java.util.ArrayList.forEach(ArrayList.java:1511)
... Removed 39 stack frames</pre></div><a href='#' onClick='toggleBox("stack-trace1193471756", this, "Click to show all stack frames", "Click to hide stack frames")'>Click to show all stack frames</a>
<div class='stack-trace' id='stack-trace1193471756'><pre>java.lang.AssertionError: Mismatch for input:  actual =[Invalid Input]expected from json = []: lists don&apos;t have the same size expected [0] but found [1]
	at org.testng.Assert.fail(Assert.java:111)
	at org.testng.Assert.failNotEquals(Assert.java:1578)
	at org.testng.Assert.assertEqualsImpl(Assert.java:150)
	at org.testng.Assert.assertEquals(Assert.java:132)
	at org.testng.Assert.assertEquals(Assert.java:1419)
	at org.testng.Assert.assertEquals(Assert.java:1383)
	at org.testng.Assert.assertEquals(Assert.java:1630)
	at com.dto.test.TelephoneDialPadTest.testRetrieveCombinations(TelephoneDialPadTest.java:41)
	at java.base/jdk.internal.reflect.NativeMethodAccessorImpl.invoke0(Native Method)
	at java.base/jdk.internal.reflect.NativeMethodAccessorImpl.invoke(NativeMethodAccessorImpl.java:77)
	at java.base/jdk.internal.reflect.DelegatingMethodAccessorImpl.invoke(DelegatingMethodAccessorImpl.java:43)
	at java.base/java.lang.reflect.Method.invoke(Method.java:568)
	at org.testng.internal.invokers.MethodInvocationHelper.invokeMethod(MethodInvocationHelper.java:141)
	at org.testng.internal.invokers.TestInvoker.invokeMethod(TestInvoker.java:686)
	at org.testng.internal.invokers.TestInvoker.invokeTestMethod(TestInvoker.java:230)
	at org.testng.internal.invokers.MethodRunner.runInSequence(MethodRunner.java:63)
	at org.testng.internal.invokers.TestInvoker$MethodInvocationAgent.invoke(TestInvoker.java:992)
	at org.testng.internal.invokers.TestInvoker.invokeTestMethods(TestInvoker.java:203)
	at org.testng.internal.invokers.TestMethodWorker.invokeTestMethods(TestMethodWorker.java:154)
	at org.testng.internal.invokers.TestMethodWorker.run(TestMethodWorker.java:134)
	at java.base/java.util.ArrayList.forEach(ArrayList.java:1511)
	at org.testng.TestRunner.privateRun(TestRunner.java:739)
	at org.testng.TestRunner.run(TestRunner.java:614)
	at org.testng.SuiteRunner.runTest(SuiteRunner.java:421)
	at org.testng.SuiteRunner.runSequentially(SuiteRunner.java:413)
	at org.testng.SuiteRunner.privateRun(SuiteRunner.java:373)
	at org.testng.SuiteRunner.run(SuiteRunner.java:312)
	at org.testng.SuiteRunnerWorker.runSuite(SuiteRunnerWorker.java:52)
	at org.testng.SuiteRunnerWorker.run(SuiteRunnerWorker.java:95)
	at org.testng.TestNG.runSuitesSequentially(TestNG.java:1274)
	at org.testng.TestNG.runSuitesLocally(TestNG.java:1208)
	at org.testng.TestNG.runSuites(TestNG.java:1112)
	at org.testng.TestNG.run(TestNG.java:1079)
	at org.apache.maven.surefire.testng.TestNGExecutor.run(TestNGExecutor.java:155)
	at org.apache.maven.surefire.testng.TestNGDirectoryTestSuite.executeSingleClass(TestNGDirectoryTestSuite.java:102)
	at org.apache.maven.surefire.testng.TestNGDirectoryTestSuite.execute(TestNGDirectoryTestSuite.java:91)
	at org.apache.maven.surefire.testng.TestNGProvider.invoke(TestNGProvider.java:137)
	at org.apache.maven.surefire.booter.ForkedBooter.runSuitesInProcess(ForkedBooter.java:385)
	at org.apache.maven.surefire.booter.ForkedBooter.execute(ForkedBooter.java:162)
	at org.apache.maven.surefire.booter.ForkedBooter.run(ForkedBooter.java:507)
	at org.apache.maven.surefire.booter.ForkedBooter.main(ForkedBooter.java:495)
</pre></div></td>
<td>0</td>
<td>com.dto.test.TelephoneDialPadTest@5db45159</td></tr>
</table><p>
<table width='100%' border='1' class='invocation-passed'>
<tr><td colspan='4' align='center'><b>PASSED TESTS</b></td></tr>
<tr><td><b>Test method</b></td>
<td><b>Attribute(s)</b></td>
<td width="30%"><b>Exception</b></td>
<td width="10%"><b>Time (seconds)</b></td>
<td><b>Instance</b></td>
</tr>
<tr>
<td title='com.dto.test.TelephoneDialPadTest.testNullInput()'><b>testNullInput</b><br>Test class: com.dto.test.TelephoneDialPadTest<br>Test method: Test null input scenario</td>
<td></td>
<td>0</td>
<td>com.dto.test.TelephoneDialPadTest@5db45159</td></tr>
<tr>
<td title='com.dto.test.TelephoneDialPadTest.testRetrieveCombinations()'><b>testRetrieveCombinations</b><br>Test class: com.dto.test.TelephoneDialPadTest<br>Test method: Validate combinations from JSON<br>Parameters: 1, [1]</td>
<td></td>
<td>0</td>
<td>com.dto.test.TelephoneDialPadTest@5db45159</td></tr>
<tr>
<td title='com.dto.test.TelephoneDialPadTest.testRetrieveCombinations()'><b>testRetrieveCombinations</b><br>Test class: com.dto.test.TelephoneDialPadTest<br>Test method: Validate combinations from JSON<br>Parameters: 234, [ADG, ADH, ADI, AEG, AEH, AEI, AFG, AFH, AFI, BDG, BDH, BDI, BEG, BEH, BEI, BFG, BFH, BFI, CDG, CDH, CDI, CEG, CEH, CEI, CFG, CFH, CFI]</td>
<td></td>
<td>0</td>
<td>com.dto.test.TelephoneDialPadTest@5db45159</td></tr>
<tr>
<td title='com.dto.test.TelephoneDialPadTest.testRetrieveCombinations()'><b>testRetrieveCombinations</b><br>Test class: com.dto.test.TelephoneDialPadTest<br>Test method: Validate combinations from JSON<br>Parameters: 23, [AD, AE, AF, BD, BE, BF, CD, CE, CF]</td>
<td></td>
<td>0</td>
<td>com.dto.test.TelephoneDialPadTest@5db45159</td></tr>
<tr>
<td title='com.dto.test.TelephoneDialPadTest.testRetrieveCombinations()'><b>testRetrieveCombinations</b><br>Test class: com.dto.test.TelephoneDialPadTest<br>Test method: Validate combinations from JSON<br>Parameters: 89, [TW, TX, TY, TZ, UW, UX, UY, UZ, VW, VX, VY, VZ]</td>
<td></td>
<td>0</td>
<td>com.dto.test.TelephoneDialPadTest@5db45159</td></tr>
<tr>
<td title='com.dto.test.TelephoneDialPadTest.testRetrieveCombinations()'><b>testRetrieveCombinations</b><br>Test class: com.dto.test.TelephoneDialPadTest<br>Test method: Validate combinations from JSON<br>Parameters: 2, [A, B, C]</td>
<td></td>
<td>0</td>
<td>com.dto.test.TelephoneDialPadTest@5db45159</td></tr>
<tr>
<td title='com.dto.test.TelephoneDialPadTest.testRetrieveCombinations()'><b>testRetrieveCombinations</b><br>Test class: com.dto.test.TelephoneDialPadTest<br>Test method: Validate combinations from JSON<br>Parameters: 78, [PT, PU, PV, QT, QU, QV, RT, RU, RV, ST, SU, SV]</td>
<td></td>
<td>0</td>
<td>com.dto.test.TelephoneDialPadTest@5db45159</td></tr>
<tr>
<td title='com.dto.test.TelephoneDialPadTest.testRetrieveCombinations()'><b>testRetrieveCombinations</b><br>Test class: com.dto.test.TelephoneDialPadTest<br>Test method: Validate combinations from JSON<br>Parameters: 90, [W0, X0, Y0, Z0]</td>
<td></td>
<td>0</td>
<td>com.dto.test.TelephoneDialPadTest@5db45159</td></tr>
<tr>
<td title='com.dto.test.TelephoneDialPadTest.testInvalidInput()'><b>testInvalidInput</b><br>Test class: com.dto.test.TelephoneDialPadTest<br>Test method: Test invalid input scenarios</td>
<td></td>
<td>0</td>
<td>com.dto.test.TelephoneDialPadTest@5db45159</td></tr>
</table><p>
</body>
</html>